<?xml version="1.0" encoding="UTF-8"?>
<!-- Generated by org.testng.reporters.JUnitReportReporter -->
<testsuite hostname="juan-tribin" name="tests.HappyPathTest" tests="1" failures="0" timestamp="10 Mar 2016 22:55:59 GMT" time="1163.488" errors="0">
  <testcase name="runPath" time="1163.488" classname="tests.HappyPathTest"/>
</testsuite> <!-- tests.HappyPathTest -->
