<?xml version="1.0" encoding="UTF-8"?>
<!-- Generated by org.testng.reporters.JUnitReportReporter -->
<testsuite hostname="Andres-PC" name="tests.ConfigurableDeliveryTest" tests="2" failures="0" timestamp="13 May 2016 08:47:22 GMT" time="1543.424" errors="0">
  <testcase name="testDeliveryScoreIsReportable" time="1096.657" classname="tests.ConfigurableDeliveryTest"/>
  <testcase name="testDeliveryScoreIsNonReportable" time="446.767" classname="tests.ConfigurableDeliveryTest"/>
</testsuite> <!-- tests.ConfigurableDeliveryTest -->
