<?xml version="1.0" encoding="UTF-8"?>
<!-- Generated by org.testng.reporters.JUnitReportReporter -->
<testsuite hostname="juan-tribin" name="tests.HandScoringTests" tests="1" failures="0" timestamp="18 Aug 2014 21:54:50 GMT" time="8.347" errors="0">
  <testcase name="a" time="8.347" classname="tests.HandScoringTests"/>
</testsuite> <!-- tests.HandScoringTests -->
