<?xml version="1.0" encoding="UTF-8"?>
<!-- Generated by org.testng.reporters.JUnitReportReporter -->
<testsuite hostname="juan-tribin" name="tests.StandardsTest" tests="2" failures="0" timestamp="10 Mar 2016 01:41:30 GMT" time="135.561" errors="0">
  <testcase name="testViewInstructionalResources" time="33.195" classname="tests.StandardsTest"/>
  <testcase name="testVerifyStudentNavigatesFromHistoryInDeliveryTailtoReports" time="102.366" classname="tests.StandardsTest"/>
</testsuite> <!-- tests.StandardsTest -->
