<?xml version="1.0" encoding="UTF-8"?>
<!-- Generated by org.testng.reporters.JUnitReportReporter -->
<testsuite hostname="juan-tribin" name="tests.UsersTests" tests="1" failures="0" timestamp="22 Jul 2015 18:08:14 GMT" time="913.356" errors="0">
  <testcase name="massiveUserCreation" time="913.356" classname="tests.UsersTests"/>
</testsuite> <!-- tests.UsersTests -->
