<?xml version="1.0" encoding="UTF-8"?>
<!-- Generated by org.testng.reporters.JUnitReportReporter -->
<testsuite hostname="Andres-PC" name="tests.HappyPathTest" tests="1" failures="0" timestamp="22 Apr 2016 19:46:32 GMT" time="1337.682" errors="0">
  <testcase name="testHappyPath" time="1337.682" classname="tests.HappyPathTest"/>
</testsuite> <!-- tests.HappyPathTest -->
