<?xml version="1.0" encoding="UTF-8"?>
<!-- Generated by org.testng.reporters.JUnitReportReporter -->
<testsuite hostname="pe-achang" name="tests.HappyPathTest" tests="1" failures="0" timestamp="29 Feb 2016 20:51:16 GMT" time="1093.361" errors="0">
  <testcase name="runPath" time="1093.361" classname="tests.HappyPathTest"/>
</testsuite> <!-- tests.HappyPathTest -->
