<?xml version="1.0" encoding="UTF-8"?>
<!-- Generated by org.testng.reporters.JUnitReportReporter -->
<testsuite hostname="Andres-PC" name="tests.HappyPathTest" tests="1" failures="0" timestamp="8 Apr 2016 21:54:13 GMT" time="1316.284" errors="0">
  <testcase name="testHappyPath" time="1316.284" classname="tests.HappyPathTest"/>
</testsuite> <!-- tests.HappyPathTest -->
