<?xml version="1.0" encoding="UTF-8"?>
<!-- Generated by org.testng.reporters.JUnitReportReporter -->
<testsuite hostname="juan-tribin" name="tests.HappyPathTest" tests="1" failures="0" timestamp="10 Aug 2015 17:20:38 GMT" time="1102.612" errors="0">
  <testcase name="runPath" time="1102.612" classname="tests.HappyPathTest"/>
</testsuite> <!-- tests.HappyPathTest -->
