<?xml version="1.0" encoding="UTF-8"?>
<!-- Generated by org.testng.reporters.JUnitReportReporter -->
<testsuite hostname="juan-tribin" name="tests.HappyPathTest" tests="1" failures="0" timestamp="15 May 2015 22:27:44 GMT" time="140.261" errors="1">
  <testcase name="runPath" time="140.261" classname="tests.HappyPathTest">
    <error type="org.openqa.selenium.ElementNotVisibleException" message="element not visible: Element is not currently visible and may not be manipulated
  (Session info: chrome=42.0.2311.135)
  (Driver info: chromedriver=2.12.301325 (962dea43ddd90e7e4224a03fa3c36a421281abb7),platform=Windows NT 6.1 SP1 x86_64) (WARNING: The server did not provide any stacktrace information)
Command duration or timeout: 25 milliseconds
Build info: version: &#039;2.45.0&#039;, revision: &#039;5017cb8e7ca8e37638dc3091b2440b90a1d8686f&#039;, time: &#039;2015-02-27 09:10:26&#039;
System info: host: &#039;juan-tribin&#039;, ip: &#039;192.168.24.130&#039;, os.name: &#039;Windows 7&#039;, os.arch: &#039;amd64&#039;, os.version: &#039;6.1&#039;, java.version: &#039;1.7.0_09&#039;
Session ID: c9c423844c002045b2410066a8be06c0
Driver info: org.openqa.selenium.chrome.ChromeDriver
Capabilities [{platform=XP, acceptSslCerts=true, javascriptEnabled=true, browserName=chrome, chrome={userDataDir=C:\Users\JUAN~1.TRI\AppData\Local\Temp\scoped_dir14808_3620}, rotatable=false, locationContextEnabled=true, mobileEmulationEnabled=false, version=42.0.2311.135, takesHeapSnapshot=true, cssSelectorsEnabled=true, databaseEnabled=false, handlesAlerts=true, browserConnectionEnabled=false, webStorageEnabled=true, nativeEvents=true, applicationCacheEnabled=false, takesScreenshot=true}]">
      <![CDATA[org.openqa.selenium.ElementNotVisibleException: element not visible: Element is not currently visible and may not be manipulated
  (Session info: chrome=42.0.2311.135)
  (Driver info: chromedriver=2.12.301325 (962dea43ddd90e7e4224a03fa3c36a421281abb7),platform=Windows NT 6.1 SP1 x86_64) (WARNING: The server did not provide any stacktrace information)
Command duration or timeout: 25 milliseconds
Build info: version: '2.45.0', revision: '5017cb8e7ca8e37638dc3091b2440b90a1d8686f', time: '2015-02-27 09:10:26'
System info: host: 'juan-tribin', ip: '192.168.24.130', os.name: 'Windows 7', os.arch: 'amd64', os.version: '6.1', java.version: '1.7.0_09'
Session ID: c9c423844c002045b2410066a8be06c0
Driver info: org.openqa.selenium.chrome.ChromeDriver
Capabilities [{platform=XP, acceptSslCerts=true, javascriptEnabled=true, browserName=chrome, chrome={userDataDir=C:\Users\JUAN~1.TRI\AppData\Local\Temp\scoped_dir14808_3620}, rotatable=false, locationContextEnabled=true, mobileEmulationEnabled=false, version=42.0.2311.135, takesHeapSnapshot=true, cssSelectorsEnabled=true, databaseEnabled=false, handlesAlerts=true, browserConnectionEnabled=false, webStorageEnabled=true, nativeEvents=true, applicationCacheEnabled=false, takesScreenshot=true}]
	at sun.reflect.NativeConstructorAccessorImpl.newInstance0(Native Method)
	at sun.reflect.NativeConstructorAccessorImpl.newInstance(Unknown Source)
	at sun.reflect.DelegatingConstructorAccessorImpl.newInstance(Unknown Source)
	at java.lang.reflect.Constructor.newInstance(Unknown Source)
	at org.openqa.selenium.remote.ErrorHandler.createThrowable(ErrorHandler.java:204)
	at org.openqa.selenium.remote.ErrorHandler.throwIfResponseFailed(ErrorHandler.java:156)
	at org.openqa.selenium.remote.RemoteWebDriver.execute(RemoteWebDriver.java:599)
	at org.openqa.selenium.remote.RemoteWebElement.execute(RemoteWebElement.java:268)
	at org.openqa.selenium.remote.RemoteWebElement.click(RemoteWebElement.java:79)
	at org.openqa.selenium.support.ui.Select.setSelected(Select.java:325)
	at org.openqa.selenium.support.ui.Select.selectByVisibleText(Select.java:118)
	at generic.BasePage.selectOption(BasePage.java:239)
	at pages.Users.createUser(Users.java:188)
	at tests.HappyPathTest.runPath(HappyPathTest.java:80)
	at sun.reflect.NativeMethodAccessorImpl.invoke0(Native Method)
	at sun.reflect.NativeMethodAccessorImpl.invoke(Unknown Source)
	at sun.reflect.DelegatingMethodAccessorImpl.invoke(Unknown Source)
	at java.lang.reflect.Method.invoke(Unknown Source)
	at org.testng.internal.MethodInvocationHelper.invokeMethod(MethodInvocationHelper.java:74)
	at org.testng.internal.Invoker.invokeMethod(Invoker.java:673)
	at org.testng.internal.Invoker.invokeTestMethod(Invoker.java:846)
	at org.testng.internal.Invoker.invokeTestMethods(Invoker.java:1170)
	at org.testng.internal.TestMethodWorker.invokeTestMethods(TestMethodWorker.java:125)
	at org.testng.internal.TestMethodWorker.run(TestMethodWorker.java:109)
	at org.testng.TestRunner.runWorkers(TestRunner.java:1147)
	at org.testng.TestRunner.privateRun(TestRunner.java:749)
	at org.testng.TestRunner.run(TestRunner.java:600)
	at org.testng.SuiteRunner.runTest(SuiteRunner.java:317)
	at org.testng.SuiteRunner.runSequentially(SuiteRunner.java:312)
	at org.testng.SuiteRunner.privateRun(SuiteRunner.java:274)
	at org.testng.SuiteRunner.run(SuiteRunner.java:223)
	at org.testng.SuiteRunnerWorker.runSuite(SuiteRunnerWorker.java:52)
	at org.testng.SuiteRunnerWorker.run(SuiteRunnerWorker.java:86)
	at org.testng.TestNG.runSuitesSequentially(TestNG.java:1039)
	at org.testng.TestNG.runSuitesLocally(TestNG.java:964)
	at org.testng.TestNG.run(TestNG.java:900)
	at org.apache.maven.surefire.testng.TestNGExecutor.run(TestNGExecutor.java:122)
	at org.apache.maven.surefire.testng.TestNGXmlTestSuite.execute(TestNGXmlTestSuite.java:92)
	at org.apache.maven.surefire.testng.TestNGProvider.invoke(TestNGProvider.java:101)
	at sun.reflect.NativeMethodAccessorImpl.invoke0(Native Method)
	at sun.reflect.NativeMethodAccessorImpl.invoke(Unknown Source)
	at sun.reflect.DelegatingMethodAccessorImpl.invoke(Unknown Source)
	at java.lang.reflect.Method.invoke(Unknown Source)
	at org.apache.maven.surefire.util.ReflectionUtils.invokeMethodWithArray(ReflectionUtils.java:164)
	at org.apache.maven.surefire.booter.ProviderFactory$ProviderProxy.invoke(ProviderFactory.java:110)
	at org.apache.maven.surefire.booter.SurefireStarter.invokeProvider(SurefireStarter.java:172)
	at org.apache.maven.surefire.booter.SurefireStarter.runSuitesInProcessWhenForked(SurefireStarter.java:104)
	at org.apache.maven.surefire.booter.ForkedBooter.main(ForkedBooter.java:70)
]]>
    </error>
  </testcase>
</testsuite>
